[zefoy.com/index.html]
[backblue.gif]
[fade.gif]
[index.html]
[zefoy.com/assets/favicon.ico]
[zefoy.com/assets/bootstrap.min5c35.css]
[zefoy.com/assets/f49dae2c2269c486bb85979af55a71855c35.css]
[cdnjs.cloudflare.com/ajax/libs/font-awesome/4.7.0/css/font-awesome.css]
[ajax.googleapis.com/ajax/libs/jquery/3.1.1/jquery.min.js]
[pagead2.googlesyndication.com/pagead/js/f.txt]
[stackpath.bootstrapcdn.com/bootstrap/4.5.2/js/bootstrap.min.js]
[zefoy.com/a1ef290e2636bf553f39817628b6ca49b7eb.png]
[cdnjs.cloudflare.com/ajax/libs/materialize/0.97.6/js/materialize.min.js]
[zefoy.com/assets/ads5c35.js]
[zefoy.com/assets/c2adfdd3ec2370494471c635874e903e5c35.js]
[zefoy.com/assets/084adbdeab59f89e75747aab13bd91985c35.js]
[zefoy.com/index.html]
[zefoy.com/assets/bootstrap.min5c35.css]
[zefoy.com/assets/f49dae2c2269c486bb85979af55a71855c35.css]
[cdnjs.cloudflare.com/ajax/libs/font-awesome/4.7.0/css/font-awesome.css]
[zefoy.com/assets/cnld950a45d32222242cc709df013ebe5c35.js]
